{"/mnt/data/home/oleg/work/repository/git-hub/node-twostep/lib/twoStep.js":{"path":"/mnt/data/home/oleg/work/repository/git-hub/node-twostep/lib/twoStep.js","s":{"1":1,"2":1,"3":43,"4":43,"5":43,"6":43,"7":1,"8":43,"9":1,"10":42,"11":42,"12":42,"13":1,"14":11,"15":1,"16":72,"17":72,"18":1,"19":69,"20":69,"21":32,"22":1,"23":72,"24":72,"25":72,"26":72,"27":72,"28":3,"29":69,"30":1,"31":4,"32":4,"33":4,"34":4,"35":4,"36":4,"37":1,"38":18,"39":18,"40":19,"41":1,"42":21,"43":21,"44":21,"45":21,"46":21,"47":1,"48":20,"49":1,"50":6,"51":6,"52":6,"53":1,"54":20,"55":1,"56":58,"57":19,"58":39,"59":39,"60":39,"61":39,"62":8,"63":20,"64":1,"65":23,"66":22,"67":4,"68":18,"69":1,"70":15,"71":1,"72":2,"73":20,"74":20,"75":20,"76":1,"77":1,"78":1,"79":1,"80":1,"81":1,"82":1},"b":{"1":[1,42],"2":[32,37],"3":[3,69],"4":[1,20],"5":[19,39],"6":[4,18]},"f":{"1":43,"2":43,"3":11,"4":72,"5":69,"6":72,"7":72,"8":72,"9":4,"10":4,"11":18,"12":21,"13":21,"14":6,"15":6,"16":20,"17":58,"18":23,"19":22,"20":15,"21":2,"22":20},"fnMap":{"1":{"name":"Group","line":19,"loc":{"start":{"line":19,"column":0},"end":{"line":19,"column":25}}},"2":{"name":"done","line":26,"loc":{"start":{"line":26,"column":23},"end":{"line":26,"column":42}}},"3":{"name":"error","line":33,"loc":{"start":{"line":33,"column":24},"end":{"line":33,"column":44}}},"4":{"name":"(anonymous_4)","line":41,"loc":{"start":{"line":41,"column":31},"end":{"line":41,"column":42}}},"5":{"name":"(anonymous_5)","line":49,"loc":{"start":{"line":49,"column":28},"end":{"line":49,"column":50}}},"6":{"name":"slot","line":63,"loc":{"start":{"line":63,"column":23},"end":{"line":63,"column":39}}},"7":{"name":"(anonymous_7)","line":66,"loc":{"start":{"line":66,"column":8},"end":{"line":66,"column":28}}},"8":{"name":"(anonymous_8)","line":67,"loc":{"start":{"line":67,"column":19},"end":{"line":67,"column":30}}},"9":{"name":"makeGroup","line":80,"loc":{"start":{"line":80,"column":28},"end":{"line":80,"column":49}}},"10":{"name":"(anonymous_10)","line":82,"loc":{"start":{"line":82,"column":26},"end":{"line":82,"column":41}}},"11":{"name":"pass","line":94,"loc":{"start":{"line":94,"column":23},"end":{"line":94,"column":49}}},"12":{"name":"chainSteps","line":115,"loc":{"start":{"line":115,"column":0},"end":{"line":115,"column":47}}},"13":{"name":"(anonymous_13)","line":117,"loc":{"start":{"line":117,"column":8},"end":{"line":117,"column":47}}},"14":{"name":"chainStepsNoError","line":132,"loc":{"start":{"line":132,"column":0},"end":{"line":132,"column":29}}},"15":{"name":"(anonymous_15)","line":133,"loc":{"start":{"line":133,"column":39},"end":{"line":133,"column":54}}},"16":{"name":"iterateSteps","line":143,"loc":{"start":{"line":143,"column":0},"end":{"line":143,"column":49}}},"17":{"name":"next","line":146,"loc":{"start":{"line":146,"column":1},"end":{"line":146,"column":33}}},"18":{"name":"notHandlingError","line":162,"loc":{"start":{"line":162,"column":0},"end":{"line":162,"column":32}}},"19":{"name":"(anonymous_19)","line":163,"loc":{"start":{"line":163,"column":11},"end":{"line":163,"column":31}}},"20":{"name":"identity","line":169,"loc":{"start":{"line":169,"column":0},"end":{"line":169,"column":23}}},"21":{"name":"chainAndCall","line":177,"loc":{"start":{"line":177,"column":0},"end":{"line":177,"column":31}}},"22":{"name":"(anonymous_22)","line":178,"loc":{"start":{"line":178,"column":11},"end":{"line":178,"column":43}}}},"statementMap":{"1":{"start":{"line":10,"column":0},"end":{"line":10,"column":34}},"2":{"start":{"line":19,"column":0},"end":{"line":24,"column":1}},"3":{"start":{"line":20,"column":1},"end":{"line":20,"column":21}},"4":{"start":{"line":21,"column":1},"end":{"line":21,"column":24}},"5":{"start":{"line":22,"column":1},"end":{"line":22,"column":26}},"6":{"start":{"line":23,"column":1},"end":{"line":23,"column":21}},"7":{"start":{"line":26,"column":0},"end":{"line":31,"column":2}},"8":{"start":{"line":27,"column":1},"end":{"line":27,"column":25}},"9":{"start":{"line":27,"column":18},"end":{"line":27,"column":25}},"10":{"start":{"line":28,"column":1},"end":{"line":28,"column":20}},"11":{"start":{"line":29,"column":1},"end":{"line":29,"column":21}},"12":{"start":{"line":30,"column":1},"end":{"line":30,"column":39}},"13":{"start":{"line":33,"column":0},"end":{"line":35,"column":2}},"14":{"start":{"line":34,"column":1},"end":{"line":34,"column":16}},"15":{"start":{"line":41,"column":0},"end":{"line":44,"column":2}},"16":{"start":{"line":42,"column":1},"end":{"line":42,"column":22}},"17":{"start":{"line":43,"column":1},"end":{"line":43,"column":39}},"18":{"start":{"line":49,"column":0},"end":{"line":54,"column":2}},"19":{"start":{"line":50,"column":1},"end":{"line":50,"column":26}},"20":{"start":{"line":51,"column":1},"end":{"line":53,"column":2}},"21":{"start":{"line":52,"column":2},"end":{"line":52,"column":14}},"22":{"start":{"line":63,"column":0},"end":{"line":74,"column":2}},"23":{"start":{"line":64,"column":1},"end":{"line":64,"column":17}},"24":{"start":{"line":65,"column":1},"end":{"line":65,"column":33}},"25":{"start":{"line":66,"column":1},"end":{"line":73,"column":3}},"26":{"start":{"line":67,"column":2},"end":{"line":72,"column":5}},"27":{"start":{"line":68,"column":3},"end":{"line":70,"column":4}},"28":{"start":{"line":69,"column":4},"end":{"line":69,"column":27}},"29":{"start":{"line":71,"column":3},"end":{"line":71,"column":31}},"30":{"start":{"line":80,"column":0},"end":{"line":89,"column":2}},"31":{"start":{"line":81,"column":1},"end":{"line":81,"column":28}},"32":{"start":{"line":82,"column":1},"end":{"line":86,"column":4}},"33":{"start":{"line":84,"column":2},"end":{"line":84,"column":38}},"34":{"start":{"line":85,"column":2},"end":{"line":85,"column":22}},"35":{"start":{"line":87,"column":1},"end":{"line":87,"column":29}},"36":{"start":{"line":88,"column":1},"end":{"line":88,"column":17}},"37":{"start":{"line":94,"column":0},"end":{"line":99,"column":2}},"38":{"start":{"line":95,"column":1},"end":{"line":95,"column":36}},"39":{"start":{"line":96,"column":1},"end":{"line":98,"column":2}},"40":{"start":{"line":97,"column":2},"end":{"line":97,"column":31}},"41":{"start":{"line":115,"column":0},"end":{"line":125,"column":1}},"42":{"start":{"line":116,"column":1},"end":{"line":116,"column":35}},"43":{"start":{"line":117,"column":1},"end":{"line":124,"column":3}},"44":{"start":{"line":118,"column":2},"end":{"line":118,"column":39}},"45":{"start":{"line":119,"column":2},"end":{"line":119,"column":32}},"46":{"start":{"line":120,"column":2},"end":{"line":122,"column":3}},"47":{"start":{"line":121,"column":3},"end":{"line":121,"column":42}},"48":{"start":{"line":123,"column":2},"end":{"line":123,"column":42}},"49":{"start":{"line":132,"column":0},"end":{"line":137,"column":1}},"50":{"start":{"line":133,"column":1},"end":{"line":135,"column":4}},"51":{"start":{"line":134,"column":2},"end":{"line":134,"column":32}},"52":{"start":{"line":136,"column":1},"end":{"line":136,"column":38}},"53":{"start":{"line":143,"column":0},"end":{"line":159,"column":1}},"54":{"start":{"line":144,"column":1},"end":{"line":144,"column":13}},"55":{"start":{"line":146,"column":1},"end":{"line":157,"column":2}},"56":{"start":{"line":147,"column":2},"end":{"line":149,"column":3}},"57":{"start":{"line":148,"column":3},"end":{"line":148,"column":42}},"58":{"start":{"line":150,"column":2},"end":{"line":150,"column":26}},"59":{"start":{"line":151,"column":2},"end":{"line":151,"column":30}},"60":{"start":{"line":152,"column":2},"end":{"line":156,"column":3}},"61":{"start":{"line":153,"column":3},"end":{"line":153,"column":32}},"62":{"start":{"line":155,"column":3},"end":{"line":155,"column":25}},"63":{"start":{"line":158,"column":1},"end":{"line":158,"column":28}},"64":{"start":{"line":162,"column":0},"end":{"line":167,"column":1}},"65":{"start":{"line":163,"column":4},"end":{"line":166,"column":3}},"66":{"start":{"line":164,"column":2},"end":{"line":164,"column":21}},"67":{"start":{"line":164,"column":11},"end":{"line":164,"column":21}},"68":{"start":{"line":165,"column":2},"end":{"line":165,"column":37}},"69":{"start":{"line":169,"column":0},"end":{"line":171,"column":1}},"70":{"start":{"line":170,"column":4},"end":{"line":170,"column":15}},"71":{"start":{"line":177,"column":0},"end":{"line":183,"column":1}},"72":{"start":{"line":178,"column":4},"end":{"line":182,"column":6}},"73":{"start":{"line":179,"column":8},"end":{"line":179,"column":42}},"74":{"start":{"line":180,"column":5},"end":{"line":180,"column":32}},"75":{"start":{"line":181,"column":5},"end":{"line":181,"column":42}},"76":{"start":{"line":185,"column":0},"end":{"line":185,"column":40}},"77":{"start":{"line":186,"column":0},"end":{"line":186,"column":29}},"78":{"start":{"line":187,"column":0},"end":{"line":187,"column":31}},"79":{"start":{"line":188,"column":0},"end":{"line":188,"column":45}},"80":{"start":{"line":190,"column":0},"end":{"line":190,"column":49}},"81":{"start":{"line":191,"column":0},"end":{"line":191,"column":38}},"82":{"start":{"line":193,"column":0},"end":{"line":193,"column":22}}},"branchMap":{"1":{"line":27,"type":"if","locations":[{"start":{"line":27,"column":1},"end":{"line":27,"column":1}},{"start":{"line":27,"column":1},"end":{"line":27,"column":1}}]},"2":{"line":51,"type":"if","locations":[{"start":{"line":51,"column":1},"end":{"line":51,"column":1}},{"start":{"line":51,"column":1},"end":{"line":51,"column":1}}]},"3":{"line":68,"type":"if","locations":[{"start":{"line":68,"column":3},"end":{"line":68,"column":3}},{"start":{"line":68,"column":3},"end":{"line":68,"column":3}}]},"4":{"line":120,"type":"if","locations":[{"start":{"line":120,"column":2},"end":{"line":120,"column":2}},{"start":{"line":120,"column":2},"end":{"line":120,"column":2}}]},"5":{"line":147,"type":"if","locations":[{"start":{"line":147,"column":2},"end":{"line":147,"column":2}},{"start":{"line":147,"column":2},"end":{"line":147,"column":2}}]},"6":{"line":164,"type":"if","locations":[{"start":{"line":164,"column":2},"end":{"line":164,"column":2}},{"start":{"line":164,"column":2},"end":{"line":164,"column":2}}]}}}}