TN:
SF:/mnt/data/home/oleg/work/repository/git-hub/node-twostep/lib/twoStep.js
FN:19,Group
FN:26,done
FN:33,error
FN:41,(anonymous_4)
FN:49,(anonymous_5)
FN:63,slot
FN:66,(anonymous_7)
FN:67,(anonymous_8)
FN:80,makeGroup
FN:82,(anonymous_10)
FN:94,pass
FN:115,chainSteps
FN:117,(anonymous_13)
FN:132,chainStepsNoError
FN:133,(anonymous_15)
FN:143,iterateSteps
FN:146,next
FN:162,notHandlingError
FN:163,(anonymous_19)
FN:169,identity
FN:177,chainAndCall
FN:178,(anonymous_22)
FNF:22
FNH:22
FNDA:43,Group
FNDA:43,done
FNDA:11,error
FNDA:72,(anonymous_4)
FNDA:69,(anonymous_5)
FNDA:72,slot
FNDA:72,(anonymous_7)
FNDA:72,(anonymous_8)
FNDA:4,makeGroup
FNDA:4,(anonymous_10)
FNDA:18,pass
FNDA:21,chainSteps
FNDA:21,(anonymous_13)
FNDA:6,chainStepsNoError
FNDA:6,(anonymous_15)
FNDA:20,iterateSteps
FNDA:58,next
FNDA:23,notHandlingError
FNDA:22,(anonymous_19)
FNDA:15,identity
FNDA:2,chainAndCall
FNDA:20,(anonymous_22)
DA:10,1
DA:19,1
DA:20,43
DA:21,43
DA:22,43
DA:23,43
DA:26,1
DA:27,43
DA:28,42
DA:29,42
DA:30,42
DA:33,1
DA:34,11
DA:41,1
DA:42,72
DA:43,72
DA:49,1
DA:50,69
DA:51,69
DA:52,32
DA:63,1
DA:64,72
DA:65,72
DA:66,72
DA:67,72
DA:68,72
DA:69,3
DA:71,69
DA:80,1
DA:81,4
DA:82,4
DA:84,4
DA:85,4
DA:87,4
DA:88,4
DA:94,1
DA:95,18
DA:96,18
DA:97,19
DA:115,1
DA:116,21
DA:117,21
DA:118,21
DA:119,21
DA:120,21
DA:121,1
DA:123,20
DA:132,1
DA:133,6
DA:134,6
DA:136,6
DA:143,1
DA:144,20
DA:146,1
DA:147,58
DA:148,19
DA:150,39
DA:151,39
DA:152,39
DA:153,39
DA:155,8
DA:158,20
DA:162,1
DA:163,23
DA:164,22
DA:165,18
DA:169,1
DA:170,15
DA:177,1
DA:178,2
DA:179,20
DA:180,20
DA:181,20
DA:185,1
DA:186,1
DA:187,1
DA:188,1
DA:190,1
DA:191,1
DA:193,1
LF:80
LH:80
BRDA:27,1,0,1
BRDA:27,1,1,42
BRDA:51,2,0,32
BRDA:51,2,1,37
BRDA:68,3,0,3
BRDA:68,3,1,69
BRDA:120,4,0,1
BRDA:120,4,1,20
BRDA:147,5,0,19
BRDA:147,5,1,39
BRDA:164,6,0,4
BRDA:164,6,1,18
BRF:12
BRH:12
end_of_record
